<?xml version="1.0" encoding="UTF-8"?>
<!-- Generated by org.testng.reporters.JUnitXMLReporter -->
<testsuite hostname="home" ignored="0" name="sprint" tests="3" failures="1" timestamp="20 May 2018 07:26:48 GMT" time="0.23" errors="0">
  <testcase name="testFB" time="0.032" classname="testNGtest.TestFail1"/>
  <testcase name="testTwitter" time="0.006" classname="testNGtest.TestFail2"/>
  <testcase name="wordpress" time="0.082" classname="testNGtest.TestFail3">
    <failure type="java.lang.AssertionError" message="expected [true] but found [false]">
      <![CDATA[java.lang.AssertionError: expected [true] but found [false]
at testNGtest.TestFail3.wordpress(TestFail3.java:11)
... Removed 29 stack frames]]>
    </failure>
  </testcase> <!-- wordpress -->
</testsuite> <!-- sprint -->
